<?xml version="1.0" encoding="UTF-8"?>
<testsuite name="wp.example.chess.ChessPieceTest" tests="1" skipped="0" failures="0" errors="0" timestamp="2019-02-01T07:41:29" hostname="HP-Komputer" time="0.004">
  <properties/>
  <testcase name="testGetName" classname="wp.example.chess.ChessPieceTest" time="0.004"/>
  <system-out><![CDATA[]]></system-out>
  <system-err><![CDATA[]]></system-err>
</testsuite>
